# JRE version: Java(TM) SE Runtime Environment (24.0.1+9) (build 24.0.1+9-30)
# Java VM: Java HotSpot(TM) 64-Bit Server VM (24.0.1+9-30, mixed mode, sharing, tiered, compressed oops, compressed class ptrs, g1 gc, windows-amd64)
GC Precious Log:
 CardTable entry size: 512
 Card Set container configuration: InlinePtr #cards 4 size 8 Array Of Cards #cards 16 size 48 Howl #buckets 8 coarsen threshold 3686 Howl Bitmap #cards 512 size 80 coarsen threshold 460 Card regions per heap region 1 cards per card region 4096
 CPUs: 8 total, 8 available
 Memory: 16225M
 Large Page Support: Disabled
 NUMA Support: Disabled
 Compressed Oops: Enabled (Zero based)
 Heap Region Size: 2M
 Heap Min Capacity: 8M
 Heap Initial Capacity: 254M
 Heap Max Capacity: 4058M
 Pre-touch: Disabled
 Parallel Workers: 8
 Concurrent Workers: 2
 Concurrent Refinement Workers: 8
 Periodic GC: Disabled
Heap:
 garbage-first heap   total reserved 4155392K, committed 131072K, used 48551K [0x0000000702600000, 0x0000000800000000)
  region size 2048K, 4 young (8192K), 3 survivors (6144K)
 Metaspace       used 92427K, committed 93248K, reserved 1179648K
  class space    used 10205K, committed 10560K, reserved 1048576K
GC Heap History (20 events):
Event: 7.561 GC heap before
{Heap before GC invocations=15 (full 0):
 garbage-first heap   total reserved 4155392K, committed 83968K, used 68787K [0x0000000702600000, 0x0000000800000000)
  region size 2048K, 20 young (40960K), 3 survivors (6144K)
 Metaspace       used 74735K, committed 75264K, reserved 1179648K
  class space    used 8406K, committed 8640K, reserved 1048576K
}
Event: 7.565 GC heap after
{Heap after GC invocations=16 (full 0):
 garbage-first heap   total reserved 4155392K, committed 83968K, used 36834K [0x0000000702600000, 0x0000000800000000)
  region size 2048K, 2 young (4096K), 2 survivors (4096K)
 Metaspace       used 74735K, committed 75264K, reserved 1179648K
  class space    used 8406K, committed 8640K, reserved 1048576K
}
Event: 7.665 GC heap before
{Heap before GC invocations=17 (full 0):
 garbage-first heap   total reserved 4155392K, committed 83968K, used 71650K [0x0000000702600000, 0x0000000800000000)
  region size 2048K, 19 young (38912K), 2 survivors (4096K)
 Metaspace       used 74879K, committed 75392K, reserved 1179648K
  class space    used 8423K, committed 8640K, reserved 1048576K
}
Event: 7.668 GC heap after
{Heap after GC invocations=18 (full 0):
 garbage-first heap   total reserved 4155392K, committed 83968K, used 39937K [0x0000000702600000, 0x0000000800000000)
  region size 2048K, 3 young (6144K), 3 survivors (6144K)
 Metaspace       used 74879K, committed 75392K, reserved 1179648K
  class space    used 8423K, committed 8640K, reserved 1048576K
}
Event: 7.705 GC heap before
{Heap before GC invocations=18 (full 0):
 garbage-first heap   total reserved 4155392K, committed 83968K, used 70657K [0x0000000702600000, 0x0000000800000000)
  region size 2048K, 18 young (36864K), 3 survivors (6144K)
 Metaspace       used 74879K, committed 75392K, reserved 1179648K
  class space    used 8423K, committed 8640K, reserved 1048576K
}
Event: 7.710 GC heap after
{Heap after GC invocations=19 (full 0):
 garbage-first heap   total reserved 4155392K, committed 83968K, used 41232K [0x0000000702600000, 0x0000000800000000)
  region size 2048K, 3 young (6144K), 3 survivors (6144K)
 Metaspace       used 74879K, committed 75392K, reserved 1179648K
  class space    used 8423K, committed 8640K, reserved 1048576K
}
Event: 7.825 GC heap before
{Heap before GC invocations=19 (full 0):
 garbage-first heap   total reserved 4155392K, committed 83968K, used 69904K [0x0000000702600000, 0x0000000800000000)
  region size 2048K, 17 young (34816K), 3 survivors (6144K)
 Metaspace       used 75067K, committed 75648K, reserved 1179648K
  class space    used 8461K, committed 8704K, reserved 1048576K
}
Event: 7.827 GC heap after
{Heap after GC invocations=20 (full 0):
 garbage-first heap   total reserved 4155392K, committed 131072K, used 37627K [0x0000000702600000, 0x0000000800000000)
  region size 2048K, 1 young (2048K), 1 survivors (2048K)
 Metaspace       used 75067K, committed 75648K, reserved 1179648K
  class space    used 8461K, committed 8704K, reserved 1048576K
}
Event: 7.982 GC heap before
{Heap before GC invocations=21 (full 0):
 garbage-first heap   total reserved 4155392K, committed 131072K, used 113403K [0x0000000702600000, 0x0000000800000000)
  region size 2048K, 38 young (77824K), 1 survivors (2048K)
 Metaspace       used 75148K, committed 75712K, reserved 1179648K
  class space    used 8469K, committed 8704K, reserved 1048576K
}
Event: 7.987 GC heap after
{Heap after GC invocations=22 (full 0):
 garbage-first heap   total reserved 4155392K, committed 131072K, used 45916K [0x0000000702600000, 0x0000000800000000)
  region size 2048K, 5 young (10240K), 5 survivors (10240K)
 Metaspace       used 75148K, committed 75712K, reserved 1179648K
  class space    used 8469K, committed 8704K, reserved 1048576K
}
Event: 8.045 GC heap before
{Heap before GC invocations=22 (full 0):
 garbage-first heap   total reserved 4155392K, committed 131072K, used 103260K [0x0000000702600000, 0x0000000800000000)
  region size 2048K, 33 young (67584K), 5 survivors (10240K)
 Metaspace       used 75151K, committed 75712K, reserved 1179648K
  class space    used 8469K, committed 8704K, reserved 1048576K
}
Event: 8.051 GC heap after
{Heap after GC invocations=23 (full 0):
 garbage-first heap   total reserved 4155392K, committed 131072K, used 47486K [0x0000000702600000, 0x0000000800000000)
  region size 2048K, 5 young (10240K), 5 survivors (10240K)
 Metaspace       used 75151K, committed 75712K, reserved 1179648K
  class space    used 8469K, committed 8704K, reserved 1048576K
}
Event: 8.172 GC heap before
{Heap before GC invocations=23 (full 0):
 garbage-first heap   total reserved 4155392K, committed 131072K, used 104830K [0x0000000702600000, 0x0000000800000000)
  region size 2048K, 33 young (67584K), 5 survivors (10240K)
 Metaspace       used 75690K, committed 76224K, reserved 1179648K
  class space    used 8605K, committed 8832K, reserved 1048576K
}
Event: 8.174 GC heap after
{Heap after GC invocations=24 (full 0):
 garbage-first heap   total reserved 4155392K, committed 131072K, used 40313K [0x0000000702600000, 0x0000000800000000)
  region size 2048K, 1 young (2048K), 1 survivors (2048K)
 Metaspace       used 75690K, committed 76224K, reserved 1179648K
  class space    used 8605K, committed 8832K, reserved 1048576K
}
Event: 8.897 GC heap before
{Heap before GC invocations=24 (full 0):
 garbage-first heap   total reserved 4155392K, committed 131072K, used 105849K [0x0000000702600000, 0x0000000800000000)
  region size 2048K, 33 young (67584K), 1 survivors (2048K)
 Metaspace       used 79718K, committed 80448K, reserved 1179648K
  class space    used 9074K, committed 9408K, reserved 1048576K
}
Event: 8.902 GC heap after
{Heap after GC invocations=25 (full 0):
 garbage-first heap   total reserved 4155392K, committed 131072K, used 44056K [0x0000000702600000, 0x0000000800000000)
  region size 2048K, 3 young (6144K), 3 survivors (6144K)
 Metaspace       used 79718K, committed 80448K, reserved 1179648K
  class space    used 9074K, committed 9408K, reserved 1048576K
}
Event: 347.506 GC heap before
{Heap before GC invocations=25 (full 0):
 garbage-first heap   total reserved 4155392K, committed 131072K, used 107544K [0x0000000702600000, 0x0000000800000000)
  region size 2048K, 34 young (69632K), 3 survivors (6144K)
 Metaspace       used 89961K, committed 90688K, reserved 1179648K
  class space    used 10143K, committed 10432K, reserved 1048576K
}
Event: 347.512 GC heap after
{Heap after GC invocations=26 (full 0):
 garbage-first heap   total reserved 4155392K, committed 131072K, used 47577K [0x0000000702600000, 0x0000000800000000)
  region size 2048K, 5 young (10240K), 5 survivors (10240K)
 Metaspace       used 89961K, committed 90688K, reserved 1179648K
  class space    used 10143K, committed 10432K, reserved 1048576K
}
Event: 2905.099 GC heap before
{Heap before GC invocations=26 (full 0):
 garbage-first heap   total reserved 4155392K, committed 131072K, used 111065K [0x0000000702600000, 0x0000000800000000)
  region size 2048K, 36 young (73728K), 5 survivors (10240K)
 Metaspace       used 92356K, committed 93184K, reserved 1179648K
  class space    used 10205K, committed 10560K, reserved 1048576K
}
Event: 2905.108 GC heap after
{Heap after GC invocations=27 (full 0):
 garbage-first heap   total reserved 4155392K, committed 131072K, used 48551K [0x0000000702600000, 0x0000000800000000)
  region size 2048K, 3 young (6144K), 3 survivors (6144K)
 Metaspace       used 92356K, committed 93184K, reserved 1179648K
  class space    used 10205K, committed 10560K, reserved 1048576K
}

